SF:lib/core/error/failure.dart
DA:6,2
DA:8,0
DA:9,0
DA:13,0
DA:18,2
DA:25,0
LF:6
LH:2
end_of_record
SF:lib/features/auth/domain/use_case/login_use_case.dart
DA:13,1
DA:19,0
DA:23,0
DA:24,0
DA:31,1
DA:33,1
DA:36,6
DA:37,1
DA:38,2
DA:39,1
DA:40,2
DA:41,4
DA:43,1
LF:13
LH:10
end_of_record
SF:lib/features/auth/domain/entity/auth_entity.dart
DA:17,1
DA:32,1
DA:46,0
DA:47,0
DA:48,0
DA:49,0
DA:50,0
DA:51,0
DA:52,0
DA:53,0
DA:54,0
DA:55,0
DA:56,0
DA:57,0
DA:58,0
DA:59,0
LF:16
LH:2
end_of_record
SF:lib/features/auth/domain/use_case/register_use_case.dart
DA:15,2
DA:24,0
DA:31,1
DA:38,1
DA:39,1
DA:40,1
DA:41,1
DA:42,1
DA:43,1
DA:47,0
DA:48,0
DA:54,1
DA:56,1
DA:58,1
DA:59,1
DA:60,1
DA:61,1
DA:62,1
DA:63,1
DA:65,2
LF:20
LH:17
end_of_record
SF:lib/app/shared_prefs/token_shared_prefs.dart
DA:8,0
DA:10,0
DA:12,0
DA:15,0
DA:19,0
DA:21,0
DA:22,0
DA:24,0
LF:8
LH:0
end_of_record
